Iniciando o servidor Node.js...
{"level":30,"time":1742936359805,"pid":12192,"hostname":"DESKTOP-NGQ529E","msg":"Conectando ao banco de dados MySQL..."}
{"level":50,"time":1742936359826,"pid":12192,"hostname":"DESKTOP-NGQ529E","msg":"Porta 5000 já está em uso. O servidor não será iniciado"}
2025-03-25 21:59:19 - Tentativa 1/10: Verificando o status do servidor...
2025-03-25 21:59:19 - Erro ao acessar o endpoint: The requested URL returned error: 404 (Erro 22)
2025-03-25 21:59:20 - Tentativa 2/10: Verificando o status do servidor...
2025-03-25 21:59:20 - Erro ao acessar o endpoint: The requested URL returned error: 404 (Erro 22)
2025-03-25 21:59:21 - Tentativa 3/10: Verificando o status do servidor...
2025-03-25 21:59:21 - Erro ao acessar o endpoint: The requested URL returned error: 404 (Erro 22)
2025-03-25 21:59:22 - Tentativa 4/10: Verificando o status do servidor...
2025-03-25 21:59:22 - Erro ao acessar o endpoint: The requested URL returned error: 404 (Erro 22)
2025-03-25 21:59:23 - Tentativa 5/10: Verificando o status do servidor...
2025-03-25 21:59:23 - Erro ao acessar o endpoint: The requested URL returned error: 404 (Erro 22)
2025-03-25 21:59:24 - Tentativa 6/10: Verificando o status do servidor...
2025-03-25 21:59:24 - Erro ao acessar o endpoint: The requested URL returned error: 404 (Erro 22)
2025-03-25 21:59:25 - Tentativa 7/10: Verificando o status do servidor...
2025-03-25 21:59:25 - Erro ao acessar o endpoint: The requested URL returned error: 404 (Erro 22)
2025-03-25 21:59:26 - Tentativa 8/10: Verificando o status do servidor...
2025-03-25 21:59:26 - Erro ao acessar o endpoint: The requested URL returned error: 404 (Erro 22)
2025-03-25 21:59:27 - Tentativa 9/10: Verificando o status do servidor...
2025-03-25 21:59:27 - Erro ao acessar o endpoint: The requested URL returned error: 404 (Erro 22)
2025-03-25 21:59:28 - Tentativa 10/10: Verificando o status do servidor...
2025-03-25 21:59:28 - Erro ao acessar o endpoint: The requested URL returned error: 404 (Erro 22)
2025-03-25 21:59:28 - Erro ao iniciar o servidor Node.js. Log: Iniciando o servidor Node.js...
{"level":30,"time":1742936359805,"pid":12192,"hostname":"DESKTOP-NGQ529E","msg":"Conectando ao banco de dados MySQL..."}
{"level":50,"time":1742936359826,"pid":12192,"hostname":"DESKTOP-NGQ529E","msg":"Porta 5000 já está em uso. O servidor não será iniciado"}
2025-03-25 21:59:19 - Tentativa 1/10: Verificando o status do servidor...
2025-03-25 21:59:19 - Erro ao acessar o endpoint: The requested URL returned error: 404 (Erro 22)
2025-03-25 21:59:20 - Tentativa 2/10: Verificando o status do servidor...
2025-03-25 21:59:20 - Erro ao acessar o endpoint: The requested URL returned error: 404 (Erro 22)
2025-03-25 21:59:21 - Tentativa 3/10: Verificando o status do servidor...
2025-03-25 21:59:21 - Erro ao acessar o endpoint: The requested URL returned error: 404 (Erro 22)
2025-03-25 21:59:22 - Tentativa 4/10: Verificando o status do servidor...
2025-03-25 21:59:22 - Erro ao acessar o endpoint: The requested URL returned error: 404 (Erro 22)
2025-03-25 21:59:23 - Tentativa 5/10: Verificando o status do servidor...
2025-03-25 21:59:23 - Erro ao acessar o endpoint: The requested URL returned error: 404 (Erro 22)
2025-03-25 21:59:24 - Tentativa 6/10: Verificando o status do servidor...
2025-03-25 21:59:24 - Erro ao acessar o endpoint: The requested URL returned error: 404 (Erro 22)
2025-03-25 21:59:25 - Tentativa 7/10: Verificando o status do servidor...
2025-03-25 21:59:25 - Erro ao acessar o endpoint: The requested URL returned error: 404 (Erro 22)
2025-03-25 21:59:26 - Tentativa 8/10: Verificando o status do servidor...
2025-03-25 21:59:26 - Erro ao acessar o endpoint: The requested URL returned error: 404 (Erro 22)
2025-03-25 21:59:27 - Tentativa 9/10: Verificando o status do servidor...
2025-03-25 21:59:27 - Erro ao acessar o endpoint: The requested URL returned error: 404 (Erro 22)
2025-03-25 21:59:28 - Tentativa 10/10: Verificando o status do servidor...
2025-03-25 21:59:28 - Erro ao acessar o endpoint: The requested URL returned error: 404 (Erro 22)

2025-03-25 22:15:50 - Tentativa 1/10: Verificando o status do servidor...
2025-03-25 22:15:53 - Erro ao acessar o endpoint: Failed to connect to localhost port 5001 after 2255 ms: Couldn't connect to server (Erro 7)
2025-03-25 22:15:54 - Tentativa 2/10: Verificando o status do servidor...
2025-03-25 22:15:56 - Erro ao acessar o endpoint: Failed to connect to localhost port 5001 after 2238 ms: Couldn't connect to server (Erro 7)
2025-03-25 22:15:57 - Tentativa 3/10: Verificando o status do servidor...
2025-03-25 22:15:57 - Servidor Node.js está rodando. PID: 11352
2025-03-25 22:15:57 - Servidor já está rodando. Retornando sucesso.
